/*C4*/SET SCHEMA PUBLIC
DISCONNECT
/*C5*/SET SCHEMA PUBLIC
DELETE FROM MONIT_CHECK WHERE ID=1
INSERT INTO MONIT_CHECK VALUES(1,TRUE,NULL,'HOUR',1,FALSE,'RUNNING','</html>','CONTAINS',20000,0,NULL,'2019-12-08 19:09:20.418000',NULL,NULL,NULL,'GET',3,1,NULL,0,'check example homepage',200,1,'MINUTE','2020-02-06 21:50:10.497000','2019-12-08 19:02:00.000000',TRUE,20000,'2020-02-06 21:49:10.503000',NULL,'SINGLE_PAGE','http://www.example.com/',NULL,NULL)
COMMIT
DELETE FROM MONIT_CHECK WHERE ID=1
INSERT INTO MONIT_CHECK VALUES(1,TRUE,NULL,'HOUR',1,FALSE,'RUNNING','</html>','CONTAINS',20000,0,NULL,'2019-12-08 19:09:20.418000',NULL,NULL,NULL,'GET',3,1,NULL,0,'check example homepage',200,1,'MINUTE','2020-02-06 21:50:10.497000','2019-12-08 19:02:00.000000',TRUE,20000,'2020-02-06 21:49:10.503000',NULL,'SINGLE_PAGE','http://www.example.com/',NULL,NULL)
COMMIT
INSERT INTO MONIT_CHECK_RESULT VALUES(10,NULL,'2020-02-06 21:49:11.236000',716,'2020-02-06 21:49:10.520000',TRUE,1)
COMMIT
DELETE FROM MONIT_CHECK WHERE ID=1
INSERT INTO MONIT_CHECK VALUES(1,TRUE,NULL,'HOUR',1,FALSE,'NOT_RUNNING','</html>','CONTAINS',20000,0,NULL,'2020-02-06 21:49:11.259000',NULL,NULL,NULL,'GET',3,1,NULL,0,'check example homepage',200,1,'MINUTE','2020-02-06 21:50:10.497000','2019-12-08 19:02:00.000000',TRUE,20000,'2020-02-06 21:49:10.503000',NULL,'SINGLE_PAGE','http://www.example.com/',NULL,NULL)
COMMIT
DELETE FROM MONIT_CONFIGURATION WHERE ID=1
INSERT INTO MONIT_CONFIGURATION VALUES(1,NULL,'$2a$10$l4MMSUNle6ncV0hfDBUJ7.Wpn9ubeYgaSx.6p.Ks51IQuWRGsdERm','admin',FALSE,20000,TRUE,5,30,60,'check name:{CHECK-NAME}\u000a\u000acheck url: {CHECK-URL}\u000a\u000aerror:\u000a{ERROR}',NULL,NULL,NULL,NULL,NULL,'sitemonitoring error',TRUE,NULL,NULL,NULL,NULL,'Please don''t monitor my websites (like javavids.com and sitemonitoring.sourceforge.net). Lot''s of people started doing it and effectively DDOSed them. If you monitor them anyway, your IP address will be blocked!','3.0.0',FALSE,20000,30,'sitemonitoring http://sitemonitoring.sourceforge.net')
COMMIT
DELETE FROM MONIT_CHECK WHERE ID=1
INSERT INTO MONIT_CHECK VALUES(1,TRUE,NULL,'HOUR',1,FALSE,'RUNNING','</html>','CONTAINS',20000,0,NULL,'2020-02-06 21:49:11.259000',NULL,NULL,NULL,'GET',3,1,NULL,0,'check example homepage',200,1,'MINUTE','2020-02-06 21:51:10.682000','2019-12-08 19:02:00.000000',TRUE,20000,'2020-02-06 21:50:10.684000',NULL,'SINGLE_PAGE','http://www.example.com/',NULL,NULL)
COMMIT
DELETE FROM MONIT_CHECK WHERE ID=1
INSERT INTO MONIT_CHECK VALUES(1,TRUE,NULL,'HOUR',1,FALSE,'RUNNING','</html>','CONTAINS',20000,0,NULL,'2020-02-06 21:49:11.259000',NULL,NULL,NULL,'GET',3,1,NULL,0,'check example homepage',200,1,'MINUTE','2020-02-06 21:51:10.682000','2019-12-08 19:02:00.000000',TRUE,20000,'2020-02-06 21:50:10.684000',NULL,'SINGLE_PAGE','http://www.example.com/',NULL,NULL)
COMMIT
INSERT INTO MONIT_CHECK_RESULT VALUES(11,NULL,'2020-02-06 21:50:11.106000',415,'2020-02-06 21:50:10.690000',TRUE,1)
COMMIT
DELETE FROM MONIT_CHECK WHERE ID=1
INSERT INTO MONIT_CHECK VALUES(1,TRUE,NULL,'HOUR',1,FALSE,'NOT_RUNNING','</html>','CONTAINS',20000,0,NULL,'2020-02-06 21:50:11.113000',NULL,NULL,NULL,'GET',3,1,NULL,0,'check example homepage',200,1,'MINUTE','2020-02-06 21:51:10.682000','2019-12-08 19:02:00.000000',TRUE,20000,'2020-02-06 21:50:10.684000',NULL,'SINGLE_PAGE','http://www.example.com/',NULL,NULL)
COMMIT
DELETE FROM MONIT_CHECK WHERE ID=1
INSERT INTO MONIT_CHECK VALUES(1,TRUE,NULL,'HOUR',1,FALSE,'RUNNING','</html>','CONTAINS',20000,0,NULL,'2020-02-06 21:50:11.113000',NULL,NULL,NULL,'GET',3,1,NULL,0,'check example homepage',200,1,'MINUTE','2020-02-06 21:52:10.914000','2019-12-08 19:02:00.000000',TRUE,20000,'2020-02-06 21:51:10.918000',NULL,'SINGLE_PAGE','http://www.example.com/',NULL,NULL)
COMMIT
DELETE FROM MONIT_CHECK WHERE ID=1
INSERT INTO MONIT_CHECK VALUES(1,TRUE,NULL,'HOUR',1,FALSE,'RUNNING','</html>','CONTAINS',20000,0,NULL,'2020-02-06 21:50:11.113000',NULL,NULL,NULL,'GET',3,1,NULL,0,'check example homepage',200,1,'MINUTE','2020-02-06 21:52:10.914000','2019-12-08 19:02:00.000000',TRUE,20000,'2020-02-06 21:51:10.918000',NULL,'SINGLE_PAGE','http://www.example.com/',NULL,NULL)
COMMIT
INSERT INTO MONIT_CHECK_RESULT VALUES(12,NULL,'2020-02-06 21:51:11.429000',502,'2020-02-06 21:51:10.926000',TRUE,1)
COMMIT
DELETE FROM MONIT_CHECK WHERE ID=1
INSERT INTO MONIT_CHECK VALUES(1,TRUE,NULL,'HOUR',1,FALSE,'NOT_RUNNING','</html>','CONTAINS',20000,0,NULL,'2020-02-06 21:51:11.452000',NULL,NULL,NULL,'GET',3,1,NULL,0,'check example homepage',200,1,'MINUTE','2020-02-06 21:52:10.914000','2019-12-08 19:02:00.000000',TRUE,20000,'2020-02-06 21:51:10.918000',NULL,'SINGLE_PAGE','http://www.example.com/',NULL,NULL)
COMMIT
DELETE FROM MONIT_CHECK WHERE ID=1
INSERT INTO MONIT_CHECK VALUES(1,TRUE,NULL,'HOUR',1,FALSE,'RUNNING','</html>','CONTAINS',20000,0,NULL,'2020-02-06 21:51:11.452000',NULL,NULL,NULL,'GET',3,1,NULL,0,'check example homepage',200,1,'MINUTE','2020-02-06 21:53:11.104000','2019-12-08 19:02:00.000000',TRUE,20000,'2020-02-06 21:52:11.106000',NULL,'SINGLE_PAGE','http://www.example.com/',NULL,NULL)
COMMIT
DELETE FROM MONIT_CHECK WHERE ID=1
INSERT INTO MONIT_CHECK VALUES(1,TRUE,NULL,'HOUR',1,FALSE,'RUNNING','</html>','CONTAINS',20000,0,NULL,'2020-02-06 21:51:11.452000',NULL,NULL,NULL,'GET',3,1,NULL,0,'check example homepage',200,1,'MINUTE','2020-02-06 21:53:11.104000','2019-12-08 19:02:00.000000',TRUE,20000,'2020-02-06 21:52:11.106000',NULL,'SINGLE_PAGE','http://www.example.com/',NULL,NULL)
COMMIT
INSERT INTO MONIT_CHECK_RESULT VALUES(13,NULL,'2020-02-06 21:52:11.538000',428,'2020-02-06 21:52:11.109000',TRUE,1)
COMMIT
DELETE FROM MONIT_CHECK WHERE ID=1
INSERT INTO MONIT_CHECK VALUES(1,TRUE,NULL,'HOUR',1,FALSE,'NOT_RUNNING','</html>','CONTAINS',20000,0,NULL,'2020-02-06 21:52:11.546000',NULL,NULL,NULL,'GET',3,1,NULL,0,'check example homepage',200,1,'MINUTE','2020-02-06 21:53:11.104000','2019-12-08 19:02:00.000000',TRUE,20000,'2020-02-06 21:52:11.106000',NULL,'SINGLE_PAGE','http://www.example.com/',NULL,NULL)
COMMIT
DELETE FROM MONIT_CHECK WHERE ID=1
INSERT INTO MONIT_CHECK VALUES(1,TRUE,NULL,'HOUR',1,FALSE,'RUNNING','</html>','CONTAINS',20000,0,NULL,'2020-02-06 21:52:11.546000',NULL,NULL,NULL,'GET',3,1,NULL,0,'check example homepage',200,1,'MINUTE','2020-02-06 21:54:11.309000','2019-12-08 19:02:00.000000',TRUE,20000,'2020-02-06 21:53:11.314000',NULL,'SINGLE_PAGE','http://www.example.com/',NULL,NULL)
COMMIT
DELETE FROM MONIT_CHECK WHERE ID=1
INSERT INTO MONIT_CHECK VALUES(1,TRUE,NULL,'HOUR',1,FALSE,'RUNNING','</html>','CONTAINS',20000,0,NULL,'2020-02-06 21:52:11.546000',NULL,NULL,NULL,'GET',3,1,NULL,0,'check example homepage',200,1,'MINUTE','2020-02-06 21:54:11.309000','2019-12-08 19:02:00.000000',TRUE,20000,'2020-02-06 21:53:11.314000',NULL,'SINGLE_PAGE','http://www.example.com/',NULL,NULL)
COMMIT
INSERT INTO MONIT_CHECK_RESULT VALUES(14,NULL,'2020-02-06 21:53:11.851000',528,'2020-02-06 21:53:11.322000',TRUE,1)
COMMIT
DELETE FROM MONIT_CHECK WHERE ID=1
INSERT INTO MONIT_CHECK VALUES(1,TRUE,NULL,'HOUR',1,FALSE,'NOT_RUNNING','</html>','CONTAINS',20000,0,NULL,'2020-02-06 21:53:11.857000',NULL,NULL,NULL,'GET',3,1,NULL,0,'check example homepage',200,1,'MINUTE','2020-02-06 21:54:11.309000','2019-12-08 19:02:00.000000',TRUE,20000,'2020-02-06 21:53:11.314000',NULL,'SINGLE_PAGE','http://www.example.com/',NULL,NULL)
COMMIT
DELETE FROM MONIT_CHECK WHERE ID=1
INSERT INTO MONIT_CHECK VALUES(1,TRUE,NULL,'HOUR',1,FALSE,'NOT_RUNNING','</html>','CONTAINS',20000,0,NULL,'2020-02-06 21:53:11.857000',NULL,NULL,NULL,'GET',3,1,NULL,0,'check example homepage',200,1,'MINUTE',NULL,'2019-12-08 19:02:00.000000',TRUE,20000,'2020-02-06 21:53:11.314000',NULL,'SINGLE_PAGE','http://www.example.com/',NULL,NULL)
COMMIT
DELETE FROM MONIT_CHECK WHERE ID=1
INSERT INTO MONIT_CHECK VALUES(1,TRUE,NULL,'HOUR',1,FALSE,'RUNNING','</html>','CONTAINS',20000,0,NULL,'2020-02-06 21:53:11.857000',NULL,NULL,NULL,'GET',3,1,NULL,0,'check example homepage',200,1,'MINUTE','2020-02-06 21:54:59.487000','2019-12-08 19:02:00.000000',TRUE,20000,'2020-02-06 21:53:59.492000',NULL,'SINGLE_PAGE','http://www.example.com/',NULL,NULL)
COMMIT
DELETE FROM MONIT_CHECK WHERE ID=1
INSERT INTO MONIT_CHECK VALUES(1,TRUE,NULL,'HOUR',1,FALSE,'RUNNING','</html>','CONTAINS',20000,0,NULL,'2020-02-06 21:53:11.857000',NULL,NULL,NULL,'GET',3,1,NULL,0,'check example homepage',200,1,'MINUTE','2020-02-06 21:54:59.487000','2019-12-08 19:02:00.000000',TRUE,20000,'2020-02-06 21:53:59.492000',NULL,'SINGLE_PAGE','http://www.example.com/',NULL,NULL)
COMMIT
INSERT INTO MONIT_CHECK_RESULT VALUES(15,NULL,'2020-02-06 21:53:59.979000',474,'2020-02-06 21:53:59.504000',TRUE,1)
COMMIT
DELETE FROM MONIT_CHECK WHERE ID=1
INSERT INTO MONIT_CHECK VALUES(1,TRUE,NULL,'HOUR',1,FALSE,'NOT_RUNNING','</html>','CONTAINS',20000,0,NULL,'2020-02-06 21:54:00.002000',NULL,NULL,NULL,'GET',3,1,NULL,0,'check example homepage',200,1,'MINUTE','2020-02-06 21:54:59.487000','2019-12-08 19:02:00.000000',TRUE,20000,'2020-02-06 21:53:59.492000',NULL,'SINGLE_PAGE','http://www.example.com/',NULL,NULL)
COMMIT
/*C6*/SET SCHEMA PUBLIC
DELETE FROM MONIT_CHECK WHERE ID=1
INSERT INTO MONIT_CHECK VALUES(1,TRUE,NULL,'HOUR',1,FALSE,'NOT_RUNNING','</html>','CONTAINS',20000,0,NULL,'2020-02-06 21:54:00.002000',NULL,NULL,'','GET',3,1,NULL,0,'check example homepage',200,1,'MINUTE','2020-02-06 21:54:59.487000','2019-12-08 19:02:00.000000',TRUE,20000,'2020-02-06 21:53:59.492000',NULL,'SINGLE_PAGE','http://www.example.com/',NULL,NULL)
COMMIT
DELETE FROM MONIT_CHECK WHERE ID=1
INSERT INTO MONIT_CHECK VALUES(1,TRUE,NULL,'HOUR',1,FALSE,'RUNNING','</html>','CONTAINS',20000,0,NULL,'2020-02-06 21:54:00.002000',NULL,NULL,'','GET',3,1,NULL,0,'check example homepage',200,1,'MINUTE','2020-02-06 21:55:59.745000','2019-12-08 19:02:00.000000',TRUE,20000,'2020-02-06 21:54:59.747000',NULL,'SINGLE_PAGE','http://www.example.com/',NULL,NULL)
COMMIT
DELETE FROM MONIT_CHECK WHERE ID=1
INSERT INTO MONIT_CHECK VALUES(1,TRUE,NULL,'HOUR',1,FALSE,'RUNNING','</html>','CONTAINS',20000,0,NULL,'2020-02-06 21:54:00.002000',NULL,NULL,'','GET',3,1,NULL,0,'check example homepage',200,1,'MINUTE','2020-02-06 21:55:59.745000','2019-12-08 19:02:00.000000',TRUE,20000,'2020-02-06 21:54:59.747000',NULL,'SINGLE_PAGE','http://www.example.com/',NULL,NULL)
COMMIT
INSERT INTO MONIT_CHECK_RESULT VALUES(16,NULL,'2020-02-06 21:55:00.184000',431,'2020-02-06 21:54:59.753000',TRUE,1)
COMMIT
DELETE FROM MONIT_CHECK WHERE ID=1
INSERT INTO MONIT_CHECK VALUES(1,TRUE,NULL,'HOUR',1,FALSE,'NOT_RUNNING','</html>','CONTAINS',20000,0,NULL,'2020-02-06 21:55:00.190000',NULL,NULL,'','GET',3,1,NULL,0,'check example homepage',200,1,'MINUTE','2020-02-06 21:55:59.745000','2019-12-08 19:02:00.000000',TRUE,20000,'2020-02-06 21:54:59.747000',NULL,'SINGLE_PAGE','http://www.example.com/',NULL,NULL)
COMMIT
DELETE FROM MONIT_CHECK WHERE ID=1
INSERT INTO MONIT_CHECK VALUES(1,TRUE,NULL,'HOUR',1,FALSE,'RUNNING','</html>','CONTAINS',20000,0,NULL,'2020-02-06 21:55:00.190000',NULL,NULL,'','GET',3,1,NULL,0,'check example homepage',200,1,'MINUTE','2020-02-06 21:56:59.932000','2019-12-08 19:02:00.000000',TRUE,20000,'2020-02-06 21:55:59.937000',NULL,'SINGLE_PAGE','http://www.example.com/',NULL,NULL)
COMMIT
DELETE FROM MONIT_CHECK WHERE ID=1
INSERT INTO MONIT_CHECK VALUES(1,TRUE,NULL,'HOUR',1,FALSE,'RUNNING','</html>','CONTAINS',20000,0,NULL,'2020-02-06 21:55:00.190000',NULL,NULL,'','GET',3,1,NULL,0,'check example homepage',200,1,'MINUTE','2020-02-06 21:56:59.932000','2019-12-08 19:02:00.000000',TRUE,20000,'2020-02-06 21:55:59.937000',NULL,'SINGLE_PAGE','http://www.example.com/',NULL,NULL)
COMMIT
INSERT INTO MONIT_CHECK_RESULT VALUES(17,NULL,'2020-02-06 21:56:00.705000',758,'2020-02-06 21:55:59.947000',TRUE,1)
COMMIT
DELETE FROM MONIT_CHECK WHERE ID=1
INSERT INTO MONIT_CHECK VALUES(1,TRUE,NULL,'HOUR',1,FALSE,'NOT_RUNNING','</html>','CONTAINS',20000,0,NULL,'2020-02-06 21:56:00.712000',NULL,NULL,'','GET',3,1,NULL,0,'check example homepage',200,1,'MINUTE','2020-02-06 21:56:59.932000','2019-12-08 19:02:00.000000',TRUE,20000,'2020-02-06 21:55:59.937000',NULL,'SINGLE_PAGE','http://www.example.com/',NULL,NULL)
COMMIT
DELETE FROM MONIT_CHECK WHERE ID=1
INSERT INTO MONIT_CHECK VALUES(1,TRUE,NULL,'HOUR',1,FALSE,'RUNNING','</html>','CONTAINS',20000,0,NULL,'2020-02-06 21:56:00.712000',NULL,NULL,'','GET',3,1,NULL,0,'check example homepage',200,1,'MINUTE','2020-02-06 21:58:00.085000','2019-12-08 19:02:00.000000',TRUE,20000,'2020-02-06 21:57:00.086000',NULL,'SINGLE_PAGE','http://www.example.com/',NULL,NULL)
COMMIT
DELETE FROM MONIT_CHECK WHERE ID=1
INSERT INTO MONIT_CHECK VALUES(1,TRUE,NULL,'HOUR',1,FALSE,'RUNNING','</html>','CONTAINS',20000,0,NULL,'2020-02-06 21:56:00.712000',NULL,NULL,'','GET',3,1,NULL,0,'check example homepage',200,1,'MINUTE','2020-02-06 21:58:00.085000','2019-12-08 19:02:00.000000',TRUE,20000,'2020-02-06 21:57:00.086000',NULL,'SINGLE_PAGE','http://www.example.com/',NULL,NULL)
COMMIT
INSERT INTO MONIT_CHECK_RESULT VALUES(18,NULL,'2020-02-06 21:57:00.504000',414,'2020-02-06 21:57:00.090000',TRUE,1)
COMMIT
DELETE FROM MONIT_CHECK WHERE ID=1
INSERT INTO MONIT_CHECK VALUES(1,TRUE,NULL,'HOUR',1,FALSE,'NOT_RUNNING','</html>','CONTAINS',20000,0,NULL,'2020-02-06 21:57:00.511000',NULL,NULL,'','GET',3,1,NULL,0,'check example homepage',200,1,'MINUTE','2020-02-06 21:58:00.085000','2019-12-08 19:02:00.000000',TRUE,20000,'2020-02-06 21:57:00.086000',NULL,'SINGLE_PAGE','http://www.example.com/',NULL,NULL)
COMMIT
DELETE FROM MONIT_CHECK WHERE ID=1
INSERT INTO MONIT_CHECK VALUES(1,TRUE,NULL,'HOUR',1,FALSE,'RUNNING','</html>','CONTAINS',20000,0,NULL,'2020-02-06 21:57:00.511000',NULL,NULL,'','GET',3,1,NULL,0,'check example homepage',200,1,'MINUTE','2020-02-06 21:59:00.240000','2019-12-08 19:02:00.000000',TRUE,20000,'2020-02-06 21:58:00.241000',NULL,'SINGLE_PAGE','http://www.example.com/',NULL,NULL)
COMMIT
DELETE FROM MONIT_CHECK WHERE ID=1
INSERT INTO MONIT_CHECK VALUES(1,TRUE,NULL,'HOUR',1,FALSE,'RUNNING','</html>','CONTAINS',20000,0,NULL,'2020-02-06 21:57:00.511000',NULL,NULL,'','GET',3,1,NULL,0,'check example homepage',200,1,'MINUTE','2020-02-06 21:59:00.240000','2019-12-08 19:02:00.000000',TRUE,20000,'2020-02-06 21:58:00.241000',NULL,'SINGLE_PAGE','http://www.example.com/',NULL,NULL)
COMMIT
INSERT INTO MONIT_CHECK_RESULT VALUES(19,NULL,'2020-02-06 21:58:00.719000',474,'2020-02-06 21:58:00.244000',TRUE,1)
COMMIT
DELETE FROM MONIT_CHECK WHERE ID=1
INSERT INTO MONIT_CHECK VALUES(1,TRUE,NULL,'HOUR',1,FALSE,'NOT_RUNNING','</html>','CONTAINS',20000,0,NULL,'2020-02-06 21:58:00.739000',NULL,NULL,'','GET',3,1,NULL,0,'check example homepage',200,1,'MINUTE','2020-02-06 21:59:00.240000','2019-12-08 19:02:00.000000',TRUE,20000,'2020-02-06 21:58:00.241000',NULL,'SINGLE_PAGE','http://www.example.com/',NULL,NULL)
COMMIT
DELETE FROM MONIT_CHECK WHERE ID=1
INSERT INTO MONIT_CHECK VALUES(1,TRUE,NULL,'HOUR',1,FALSE,'RUNNING','</html>','CONTAINS',20000,0,NULL,'2020-02-06 21:58:00.739000',NULL,NULL,'','GET',3,1,NULL,0,'check example homepage',200,1,'MINUTE','2020-02-06 22:00:00.429000','2019-12-08 19:02:00.000000',TRUE,20000,'2020-02-06 21:59:00.434000',NULL,'SINGLE_PAGE','http://www.example.com/',NULL,NULL)
COMMIT
DELETE FROM MONIT_CHECK WHERE ID=1
INSERT INTO MONIT_CHECK VALUES(1,TRUE,NULL,'HOUR',1,FALSE,'RUNNING','</html>','CONTAINS',20000,0,NULL,'2020-02-06 21:58:00.739000',NULL,NULL,'','GET',3,1,NULL,0,'check example homepage',200,1,'MINUTE','2020-02-06 22:00:00.429000','2019-12-08 19:02:00.000000',TRUE,20000,'2020-02-06 21:59:00.434000',NULL,'SINGLE_PAGE','http://www.example.com/',NULL,NULL)
COMMIT
INSERT INTO MONIT_CHECK_RESULT VALUES(20,NULL,'2020-02-06 21:59:01.032000',587,'2020-02-06 21:59:00.444000',TRUE,1)
COMMIT
DELETE FROM MONIT_CHECK WHERE ID=1
INSERT INTO MONIT_CHECK VALUES(1,TRUE,NULL,'HOUR',1,FALSE,'NOT_RUNNING','</html>','CONTAINS',20000,0,NULL,'2020-02-06 21:59:01.038000',NULL,NULL,'','GET',3,1,NULL,0,'check example homepage',200,1,'MINUTE','2020-02-06 22:00:00.429000','2019-12-08 19:02:00.000000',TRUE,20000,'2020-02-06 21:59:00.434000',NULL,'SINGLE_PAGE','http://www.example.com/',NULL,NULL)
COMMIT
DELETE FROM MONIT_CHECK WHERE ID=1
INSERT INTO MONIT_CHECK VALUES(1,TRUE,NULL,'HOUR',1,FALSE,'RUNNING','</html>','CONTAINS',20000,0,NULL,'2020-02-06 21:59:01.038000',NULL,NULL,'','GET',3,1,NULL,0,'check example homepage',200,1,'MINUTE','2020-02-06 22:01:00.588000','2019-12-08 19:02:00.000000',TRUE,20000,'2020-02-06 22:00:00.589000',NULL,'SINGLE_PAGE','http://www.example.com/',NULL,NULL)
COMMIT
DELETE FROM MONIT_CHECK WHERE ID=1
INSERT INTO MONIT_CHECK VALUES(1,TRUE,NULL,'HOUR',1,FALSE,'RUNNING','</html>','CONTAINS',20000,0,NULL,'2020-02-06 21:59:01.038000',NULL,NULL,'','GET',3,1,NULL,0,'check example homepage',200,1,'MINUTE','2020-02-06 22:01:00.588000','2019-12-08 19:02:00.000000',TRUE,20000,'2020-02-06 22:00:00.589000',NULL,'SINGLE_PAGE','http://www.example.com/',NULL,NULL)
COMMIT
INSERT INTO MONIT_CHECK_RESULT VALUES(21,NULL,'2020-02-06 22:00:01.034000',442,'2020-02-06 22:00:00.592000',TRUE,1)
COMMIT
DELETE FROM MONIT_CHECK WHERE ID=1
INSERT INTO MONIT_CHECK VALUES(1,TRUE,NULL,'HOUR',1,FALSE,'NOT_RUNNING','</html>','CONTAINS',20000,0,NULL,'2020-02-06 22:00:01.040000',NULL,NULL,'','GET',3,1,NULL,0,'check example homepage',200,1,'MINUTE','2020-02-06 22:01:00.588000','2019-12-08 19:02:00.000000',TRUE,20000,'2020-02-06 22:00:00.589000',NULL,'SINGLE_PAGE','http://www.example.com/',NULL,NULL)
COMMIT
DELETE FROM MONIT_CHECK WHERE ID=1
INSERT INTO MONIT_CHECK VALUES(1,TRUE,NULL,'HOUR',1,FALSE,'RUNNING','</html>','CONTAINS',20000,0,NULL,'2020-02-06 22:00:01.040000',NULL,NULL,'','GET',3,1,NULL,0,'check example homepage',200,1,'MINUTE','2020-02-06 22:02:00.728000','2019-12-08 19:02:00.000000',TRUE,20000,'2020-02-06 22:01:00.733000',NULL,'SINGLE_PAGE','http://www.example.com/',NULL,NULL)
COMMIT
DELETE FROM MONIT_CHECK WHERE ID=1
INSERT INTO MONIT_CHECK VALUES(1,TRUE,NULL,'HOUR',1,FALSE,'RUNNING','</html>','CONTAINS',20000,0,NULL,'2020-02-06 22:00:01.040000',NULL,NULL,'','GET',3,1,NULL,0,'check example homepage',200,1,'MINUTE','2020-02-06 22:02:00.728000','2019-12-08 19:02:00.000000',TRUE,20000,'2020-02-06 22:01:00.733000',NULL,'SINGLE_PAGE','http://www.example.com/',NULL,NULL)
COMMIT
INSERT INTO MONIT_CHECK_RESULT VALUES(22,NULL,'2020-02-06 22:01:01.249000',506,'2020-02-06 22:01:00.743000',TRUE,1)
COMMIT
DELETE FROM MONIT_CHECK WHERE ID=1
INSERT INTO MONIT_CHECK VALUES(1,TRUE,NULL,'HOUR',1,FALSE,'NOT_RUNNING','</html>','CONTAINS',20000,0,NULL,'2020-02-06 22:01:01.268000',NULL,NULL,'','GET',3,1,NULL,0,'check example homepage',200,1,'MINUTE','2020-02-06 22:02:00.728000','2019-12-08 19:02:00.000000',TRUE,20000,'2020-02-06 22:01:00.733000',NULL,'SINGLE_PAGE','http://www.example.com/',NULL,NULL)
COMMIT
DELETE FROM MONIT_CHECK WHERE ID=1
INSERT INTO MONIT_CHECK VALUES(1,TRUE,NULL,'HOUR',1,FALSE,'RUNNING','</html>','CONTAINS',20000,0,NULL,'2020-02-06 22:01:01.268000',NULL,NULL,'','GET',3,1,NULL,0,'check example homepage',200,1,'MINUTE','2020-02-06 22:03:00.896000','2019-12-08 19:02:00.000000',TRUE,20000,'2020-02-06 22:02:00.899000',NULL,'SINGLE_PAGE','http://www.example.com/',NULL,NULL)
COMMIT
DELETE FROM MONIT_CHECK WHERE ID=1
INSERT INTO MONIT_CHECK VALUES(1,TRUE,NULL,'HOUR',1,FALSE,'RUNNING','</html>','CONTAINS',20000,0,NULL,'2020-02-06 22:01:01.268000',NULL,NULL,'','GET',3,1,NULL,0,'check example homepage',200,1,'MINUTE','2020-02-06 22:03:00.896000','2019-12-08 19:02:00.000000',TRUE,20000,'2020-02-06 22:02:00.899000',NULL,'SINGLE_PAGE','http://www.example.com/',NULL,NULL)
COMMIT
INSERT INTO MONIT_CHECK_RESULT VALUES(23,NULL,'2020-02-06 22:02:01.354000',451,'2020-02-06 22:02:00.902000',TRUE,1)
COMMIT
DELETE FROM MONIT_CHECK WHERE ID=1
INSERT INTO MONIT_CHECK VALUES(1,TRUE,NULL,'HOUR',1,FALSE,'NOT_RUNNING','</html>','CONTAINS',20000,0,NULL,'2020-02-06 22:02:01.360000',NULL,NULL,'','GET',3,1,NULL,0,'check example homepage',200,1,'MINUTE','2020-02-06 22:03:00.896000','2019-12-08 19:02:00.000000',TRUE,20000,'2020-02-06 22:02:00.899000',NULL,'SINGLE_PAGE','http://www.example.com/',NULL,NULL)
COMMIT
DELETE FROM MONIT_CHECK WHERE ID=1
INSERT INTO MONIT_CHECK VALUES(1,TRUE,NULL,'HOUR',1,FALSE,'RUNNING','</html>','CONTAINS',20000,0,NULL,'2020-02-06 22:02:01.360000',NULL,NULL,'','GET',3,1,NULL,0,'check example homepage',200,1,'MINUTE','2020-02-06 22:04:01.065000','2019-12-08 19:02:00.000000',TRUE,20000,'2020-02-06 22:03:01.066000',NULL,'SINGLE_PAGE','http://www.example.com/',NULL,NULL)
COMMIT
DELETE FROM MONIT_CHECK WHERE ID=1
INSERT INTO MONIT_CHECK VALUES(1,TRUE,NULL,'HOUR',1,FALSE,'RUNNING','</html>','CONTAINS',20000,0,NULL,'2020-02-06 22:02:01.360000',NULL,NULL,'','GET',3,1,NULL,0,'check example homepage',200,1,'MINUTE','2020-02-06 22:04:01.065000','2019-12-08 19:02:00.000000',TRUE,20000,'2020-02-06 22:03:01.066000',NULL,'SINGLE_PAGE','http://www.example.com/',NULL,NULL)
COMMIT
INSERT INTO MONIT_CHECK_RESULT VALUES(24,NULL,'2020-02-06 22:03:01.567000',498,'2020-02-06 22:03:01.069000',TRUE,1)
COMMIT
DELETE FROM MONIT_CHECK WHERE ID=1
INSERT INTO MONIT_CHECK VALUES(1,TRUE,NULL,'HOUR',1,FALSE,'NOT_RUNNING','</html>','CONTAINS',20000,0,NULL,'2020-02-06 22:03:01.574000',NULL,NULL,'','GET',3,1,NULL,0,'check example homepage',200,1,'MINUTE','2020-02-06 22:04:01.065000','2019-12-08 19:02:00.000000',TRUE,20000,'2020-02-06 22:03:01.066000',NULL,'SINGLE_PAGE','http://www.example.com/',NULL,NULL)
COMMIT
DELETE FROM MONIT_CHECK WHERE ID=1
INSERT INTO MONIT_CHECK VALUES(1,TRUE,NULL,'HOUR',1,FALSE,'RUNNING','</html>','CONTAINS',20000,0,NULL,'2020-02-06 22:03:01.574000',NULL,NULL,'','GET',3,1,NULL,0,'check example homepage',200,1,'MINUTE','2020-02-06 22:05:01.211000','2019-12-08 19:02:00.000000',TRUE,20000,'2020-02-06 22:04:01.216000',NULL,'SINGLE_PAGE','http://www.example.com/',NULL,NULL)
COMMIT
DELETE FROM MONIT_CHECK WHERE ID=1
INSERT INTO MONIT_CHECK VALUES(1,TRUE,NULL,'HOUR',1,FALSE,'RUNNING','</html>','CONTAINS',20000,0,NULL,'2020-02-06 22:03:01.574000',NULL,NULL,'','GET',3,1,NULL,0,'check example homepage',200,1,'MINUTE','2020-02-06 22:05:01.211000','2019-12-08 19:02:00.000000',TRUE,20000,'2020-02-06 22:04:01.216000',NULL,'SINGLE_PAGE','http://www.example.com/',NULL,NULL)
COMMIT
INSERT INTO MONIT_CHECK_RESULT VALUES(25,NULL,'2020-02-06 22:04:01.678000',452,'2020-02-06 22:04:01.225000',TRUE,1)
COMMIT
DELETE FROM MONIT_CHECK WHERE ID=1
INSERT INTO MONIT_CHECK VALUES(1,TRUE,NULL,'HOUR',1,FALSE,'NOT_RUNNING','</html>','CONTAINS',20000,0,NULL,'2020-02-06 22:04:01.687000',NULL,NULL,'','GET',3,1,NULL,0,'check example homepage',200,1,'MINUTE','2020-02-06 22:05:01.211000','2019-12-08 19:02:00.000000',TRUE,20000,'2020-02-06 22:04:01.216000',NULL,'SINGLE_PAGE','http://www.example.com/',NULL,NULL)
COMMIT
DELETE FROM MONIT_CHECK WHERE ID=1
INSERT INTO MONIT_CHECK VALUES(1,TRUE,NULL,'HOUR',1,FALSE,'RUNNING','</html>','CONTAINS',20000,0,NULL,'2020-02-06 22:04:01.687000',NULL,NULL,'','GET',3,1,NULL,0,'check example homepage',200,1,'MINUTE','2020-02-06 22:06:01.405000','2019-12-08 19:02:00.000000',TRUE,20000,'2020-02-06 22:05:01.409000',NULL,'SINGLE_PAGE','http://www.example.com/',NULL,NULL)
COMMIT
DELETE FROM MONIT_CHECK WHERE ID=1
INSERT INTO MONIT_CHECK VALUES(1,TRUE,NULL,'HOUR',1,FALSE,'RUNNING','</html>','CONTAINS',20000,0,NULL,'2020-02-06 22:04:01.687000',NULL,NULL,'','GET',3,1,NULL,0,'check example homepage',200,1,'MINUTE','2020-02-06 22:06:01.405000','2019-12-08 19:02:00.000000',TRUE,20000,'2020-02-06 22:05:01.409000',NULL,'SINGLE_PAGE','http://www.example.com/',NULL,NULL)
COMMIT
INSERT INTO MONIT_CHECK_RESULT VALUES(26,NULL,'2020-02-06 22:05:01.889000',469,'2020-02-06 22:05:01.419000',TRUE,1)
COMMIT
DELETE FROM MONIT_CHECK WHERE ID=1
INSERT INTO MONIT_CHECK VALUES(1,TRUE,NULL,'HOUR',1,FALSE,'NOT_RUNNING','</html>','CONTAINS',20000,0,NULL,'2020-02-06 22:05:01.895000',NULL,NULL,'','GET',3,1,NULL,0,'check example homepage',200,1,'MINUTE','2020-02-06 22:06:01.405000','2019-12-08 19:02:00.000000',TRUE,20000,'2020-02-06 22:05:01.409000',NULL,'SINGLE_PAGE','http://www.example.com/',NULL,NULL)
COMMIT
DELETE FROM MONIT_CHECK WHERE ID=1
INSERT INTO MONIT_CHECK VALUES(1,TRUE,NULL,'HOUR',1,FALSE,'RUNNING','</html>','CONTAINS',20000,0,NULL,'2020-02-06 22:05:01.895000',NULL,NULL,'','GET',3,1,NULL,0,'check example homepage',200,1,'MINUTE','2020-02-06 22:07:01.601000','2019-12-08 19:02:00.000000',TRUE,20000,'2020-02-06 22:06:01.606000',NULL,'SINGLE_PAGE','http://www.example.com/',NULL,NULL)
COMMIT
DELETE FROM MONIT_CHECK WHERE ID=1
INSERT INTO MONIT_CHECK VALUES(1,TRUE,NULL,'HOUR',1,FALSE,'RUNNING','</html>','CONTAINS',20000,0,NULL,'2020-02-06 22:05:01.895000',NULL,NULL,'','GET',3,1,NULL,0,'check example homepage',200,1,'MINUTE','2020-02-06 22:07:01.601000','2019-12-08 19:02:00.000000',TRUE,20000,'2020-02-06 22:06:01.606000',NULL,'SINGLE_PAGE','http://www.example.com/',NULL,NULL)
COMMIT
INSERT INTO MONIT_CHECK_RESULT VALUES(27,NULL,'2020-02-06 22:06:02.099000',484,'2020-02-06 22:06:01.614000',TRUE,1)
COMMIT
DELETE FROM MONIT_CHECK WHERE ID=1
INSERT INTO MONIT_CHECK VALUES(1,TRUE,NULL,'HOUR',1,FALSE,'NOT_RUNNING','</html>','CONTAINS',20000,0,NULL,'2020-02-06 22:06:02.105000',NULL,NULL,'','GET',3,1,NULL,0,'check example homepage',200,1,'MINUTE','2020-02-06 22:07:01.601000','2019-12-08 19:02:00.000000',TRUE,20000,'2020-02-06 22:06:01.606000',NULL,'SINGLE_PAGE','http://www.example.com/',NULL,NULL)
COMMIT
DELETE FROM MONIT_CHECK WHERE ID=1
INSERT INTO MONIT_CHECK VALUES(1,TRUE,NULL,'HOUR',1,FALSE,'RUNNING','</html>','CONTAINS',20000,0,NULL,'2020-02-06 22:06:02.105000',NULL,NULL,'','GET',3,1,NULL,0,'check example homepage',200,1,'MINUTE','2020-02-06 22:08:01.707000','2019-12-08 19:02:00.000000',TRUE,20000,'2020-02-06 22:07:01.708000',NULL,'SINGLE_PAGE','http://www.example.com/',NULL,NULL)
COMMIT
DELETE FROM MONIT_CHECK WHERE ID=1
INSERT INTO MONIT_CHECK VALUES(1,TRUE,NULL,'HOUR',1,FALSE,'RUNNING','</html>','CONTAINS',20000,0,NULL,'2020-02-06 22:06:02.105000',NULL,NULL,'','GET',3,1,NULL,0,'check example homepage',200,1,'MINUTE','2020-02-06 22:08:01.707000','2019-12-08 19:02:00.000000',TRUE,20000,'2020-02-06 22:07:01.708000',NULL,'SINGLE_PAGE','http://www.example.com/',NULL,NULL)
COMMIT
INSERT INTO MONIT_CHECK_RESULT VALUES(28,NULL,'2020-02-06 22:07:02.210000',500,'2020-02-06 22:07:01.710000',TRUE,1)
COMMIT
DELETE FROM MONIT_CHECK WHERE ID=1
INSERT INTO MONIT_CHECK VALUES(1,TRUE,NULL,'HOUR',1,FALSE,'NOT_RUNNING','</html>','CONTAINS',20000,0,NULL,'2020-02-06 22:07:02.224000',NULL,NULL,'','GET',3,1,NULL,0,'check example homepage',200,1,'MINUTE','2020-02-06 22:08:01.707000','2019-12-08 19:02:00.000000',TRUE,20000,'2020-02-06 22:07:01.708000',NULL,'SINGLE_PAGE','http://www.example.com/',NULL,NULL)
COMMIT
DELETE FROM MONIT_CHECK WHERE ID=1
INSERT INTO MONIT_CHECK VALUES(1,TRUE,NULL,'HOUR',1,FALSE,'RUNNING','</html>','CONTAINS',20000,0,NULL,'2020-02-06 22:07:02.224000',NULL,NULL,'','GET',3,1,NULL,0,'check example homepage',200,1,'MINUTE','2020-02-06 22:09:01.887000','2019-12-08 19:02:00.000000',TRUE,20000,'2020-02-06 22:08:01.892000',NULL,'SINGLE_PAGE','http://www.example.com/',NULL,NULL)
COMMIT
DELETE FROM MONIT_CHECK WHERE ID=1
INSERT INTO MONIT_CHECK VALUES(1,TRUE,NULL,'HOUR',1,FALSE,'RUNNING','</html>','CONTAINS',20000,0,NULL,'2020-02-06 22:07:02.224000',NULL,NULL,'','GET',3,1,NULL,0,'check example homepage',200,1,'MINUTE','2020-02-06 22:09:01.887000','2019-12-08 19:02:00.000000',TRUE,20000,'2020-02-06 22:08:01.892000',NULL,'SINGLE_PAGE','http://www.example.com/',NULL,NULL)
COMMIT
INSERT INTO MONIT_CHECK_RESULT VALUES(29,NULL,'2020-02-06 22:08:02.316000',414,'2020-02-06 22:08:01.902000',TRUE,1)
COMMIT
DELETE FROM MONIT_CHECK WHERE ID=1
INSERT INTO MONIT_CHECK VALUES(1,TRUE,NULL,'HOUR',1,FALSE,'NOT_RUNNING','</html>','CONTAINS',20000,0,NULL,'2020-02-06 22:08:02.322000',NULL,NULL,'','GET',3,1,NULL,0,'check example homepage',200,1,'MINUTE','2020-02-06 22:09:01.887000','2019-12-08 19:02:00.000000',TRUE,20000,'2020-02-06 22:08:01.892000',NULL,'SINGLE_PAGE','http://www.example.com/',NULL,NULL)
COMMIT
DELETE FROM MONIT_CHECK WHERE ID=1
INSERT INTO MONIT_CHECK VALUES(1,TRUE,NULL,'HOUR',1,FALSE,'RUNNING','</html>','CONTAINS',20000,0,NULL,'2020-02-06 22:08:02.322000',NULL,NULL,'','GET',3,1,NULL,0,'check example homepage',200,1,'MINUTE','2020-02-06 22:10:02.050000','2019-12-08 19:02:00.000000',TRUE,20000,'2020-02-06 22:09:02.054000',NULL,'SINGLE_PAGE','http://www.example.com/',NULL,NULL)
COMMIT
DELETE FROM MONIT_CHECK WHERE ID=1
INSERT INTO MONIT_CHECK VALUES(1,TRUE,NULL,'HOUR',1,FALSE,'RUNNING','</html>','CONTAINS',20000,0,NULL,'2020-02-06 22:08:02.322000',NULL,NULL,'','GET',3,1,NULL,0,'check example homepage',200,1,'MINUTE','2020-02-06 22:10:02.050000','2019-12-08 19:02:00.000000',TRUE,20000,'2020-02-06 22:09:02.054000',NULL,'SINGLE_PAGE','http://www.example.com/',NULL,NULL)
COMMIT
INSERT INTO MONIT_CHECK_RESULT VALUES(30,NULL,'2020-02-06 22:09:02.413000',348,'2020-02-06 22:09:02.065000',TRUE,1)
COMMIT
DELETE FROM MONIT_CHECK WHERE ID=1
INSERT INTO MONIT_CHECK VALUES(1,TRUE,NULL,'HOUR',1,FALSE,'NOT_RUNNING','</html>','CONTAINS',20000,0,NULL,'2020-02-06 22:09:02.420000',NULL,NULL,'','GET',3,1,NULL,0,'check example homepage',200,1,'MINUTE','2020-02-06 22:10:02.050000','2019-12-08 19:02:00.000000',TRUE,20000,'2020-02-06 22:09:02.054000',NULL,'SINGLE_PAGE','http://www.example.com/',NULL,NULL)
COMMIT
DELETE FROM MONIT_CHECK WHERE ID=1
INSERT INTO MONIT_CHECK VALUES(1,TRUE,NULL,'HOUR',1,FALSE,'RUNNING','</html>','CONTAINS',20000,0,NULL,'2020-02-06 22:09:02.420000',NULL,NULL,'','GET',3,1,NULL,0,'check example homepage',200,1,'MINUTE','2020-02-06 22:11:02.231000','2019-12-08 19:02:00.000000',TRUE,20000,'2020-02-06 22:10:02.235000',NULL,'SINGLE_PAGE','http://www.example.com/',NULL,NULL)
COMMIT
DELETE FROM MONIT_CHECK WHERE ID=1
INSERT INTO MONIT_CHECK VALUES(1,TRUE,NULL,'HOUR',1,FALSE,'RUNNING','</html>','CONTAINS',20000,0,NULL,'2020-02-06 22:09:02.420000',NULL,NULL,'','GET',3,1,NULL,0,'check example homepage',200,1,'MINUTE','2020-02-06 22:11:02.231000','2019-12-08 19:02:00.000000',TRUE,20000,'2020-02-06 22:10:02.235000',NULL,'SINGLE_PAGE','http://www.example.com/',NULL,NULL)
COMMIT
INSERT INTO MONIT_CHECK_RESULT VALUES(31,NULL,'2020-02-06 22:10:02.740000',495,'2020-02-06 22:10:02.244000',TRUE,1)
COMMIT
DELETE FROM MONIT_CHECK WHERE ID=1
INSERT INTO MONIT_CHECK VALUES(1,TRUE,NULL,'HOUR',1,FALSE,'NOT_RUNNING','</html>','CONTAINS',20000,0,NULL,'2020-02-06 22:10:02.746000',NULL,NULL,'','GET',3,1,NULL,0,'check example homepage',200,1,'MINUTE','2020-02-06 22:11:02.231000','2019-12-08 19:02:00.000000',TRUE,20000,'2020-02-06 22:10:02.235000',NULL,'SINGLE_PAGE','http://www.example.com/',NULL,NULL)
COMMIT
DELETE FROM MONIT_CHECK WHERE ID=1
INSERT INTO MONIT_CHECK VALUES(1,TRUE,NULL,'HOUR',1,FALSE,'RUNNING','</html>','CONTAINS',20000,0,NULL,'2020-02-06 22:10:02.746000',NULL,NULL,'','GET',3,1,NULL,0,'check example homepage',200,1,'MINUTE','2020-02-06 22:12:02.392000','2019-12-08 19:02:00.000000',TRUE,20000,'2020-02-06 22:11:02.394000',NULL,'SINGLE_PAGE','http://www.example.com/',NULL,NULL)
COMMIT
DELETE FROM MONIT_CHECK WHERE ID=1
INSERT INTO MONIT_CHECK VALUES(1,TRUE,NULL,'HOUR',1,FALSE,'RUNNING','</html>','CONTAINS',20000,0,NULL,'2020-02-06 22:10:02.746000',NULL,NULL,'','GET',3,1,NULL,0,'check example homepage',200,1,'MINUTE','2020-02-06 22:12:02.392000','2019-12-08 19:02:00.000000',TRUE,20000,'2020-02-06 22:11:02.394000',NULL,'SINGLE_PAGE','http://www.example.com/',NULL,NULL)
COMMIT
INSERT INTO MONIT_CHECK_RESULT VALUES(32,NULL,'2020-02-06 22:11:02.843000',441,'2020-02-06 22:11:02.402000',TRUE,1)
COMMIT
DELETE FROM MONIT_CHECK WHERE ID=1
INSERT INTO MONIT_CHECK VALUES(1,TRUE,NULL,'HOUR',1,FALSE,'NOT_RUNNING','</html>','CONTAINS',20000,0,NULL,'2020-02-06 22:11:02.851000',NULL,NULL,'','GET',3,1,NULL,0,'check example homepage',200,1,'MINUTE','2020-02-06 22:12:02.392000','2019-12-08 19:02:00.000000',TRUE,20000,'2020-02-06 22:11:02.394000',NULL,'SINGLE_PAGE','http://www.example.com/',NULL,NULL)
COMMIT
DELETE FROM MONIT_CHECK WHERE ID=1
INSERT INTO MONIT_CHECK VALUES(1,TRUE,NULL,'HOUR',1,FALSE,'RUNNING','</html>','CONTAINS',20000,0,NULL,'2020-02-06 22:11:02.851000',NULL,NULL,'','GET',3,1,NULL,0,'check example homepage',200,1,'MINUTE','2020-02-06 22:13:02.524000','2019-12-08 19:02:00.000000',TRUE,20000,'2020-02-06 22:12:02.528000',NULL,'SINGLE_PAGE','http://www.example.com/',NULL,NULL)
COMMIT
DELETE FROM MONIT_CHECK WHERE ID=1
INSERT INTO MONIT_CHECK VALUES(1,TRUE,NULL,'HOUR',1,FALSE,'RUNNING','</html>','CONTAINS',20000,0,NULL,'2020-02-06 22:11:02.851000',NULL,NULL,'','GET',3,1,NULL,0,'check example homepage',200,1,'MINUTE','2020-02-06 22:13:02.524000','2019-12-08 19:02:00.000000',TRUE,20000,'2020-02-06 22:12:02.528000',NULL,'SINGLE_PAGE','http://www.example.com/',NULL,NULL)
COMMIT
INSERT INTO MONIT_CHECK_RESULT VALUES(33,NULL,'2020-02-06 22:12:03.166000',632,'2020-02-06 22:12:02.534000',TRUE,1)
COMMIT
DELETE FROM MONIT_CHECK WHERE ID=1
INSERT INTO MONIT_CHECK VALUES(1,TRUE,NULL,'HOUR',1,FALSE,'NOT_RUNNING','</html>','CONTAINS',20000,0,NULL,'2020-02-06 22:12:03.185000',NULL,NULL,'','GET',3,1,NULL,0,'check example homepage',200,1,'MINUTE','2020-02-06 22:13:02.524000','2019-12-08 19:02:00.000000',TRUE,20000,'2020-02-06 22:12:02.528000',NULL,'SINGLE_PAGE','http://www.example.com/',NULL,NULL)
COMMIT
DELETE FROM MONIT_CHECK WHERE ID=1
INSERT INTO MONIT_CHECK VALUES(1,TRUE,NULL,'HOUR',1,FALSE,'RUNNING','</html>','CONTAINS',20000,0,NULL,'2020-02-06 22:12:03.185000',NULL,NULL,'','GET',3,1,NULL,0,'check example homepage',200,1,'MINUTE','2020-02-06 22:14:02.648000','2019-12-08 19:02:00.000000',TRUE,20000,'2020-02-06 22:13:02.649000',NULL,'SINGLE_PAGE','http://www.example.com/',NULL,NULL)
COMMIT
DELETE FROM MONIT_CHECK WHERE ID=1
INSERT INTO MONIT_CHECK VALUES(1,TRUE,NULL,'HOUR',1,FALSE,'RUNNING','</html>','CONTAINS',20000,0,NULL,'2020-02-06 22:12:03.185000',NULL,NULL,'','GET',3,1,NULL,0,'check example homepage',200,1,'MINUTE','2020-02-06 22:14:02.648000','2019-12-08 19:02:00.000000',TRUE,20000,'2020-02-06 22:13:02.649000',NULL,'SINGLE_PAGE','http://www.example.com/',NULL,NULL)
COMMIT
INSERT INTO MONIT_CHECK_RESULT VALUES(34,NULL,'2020-02-06 22:13:03.067000',414,'2020-02-06 22:13:02.651000',TRUE,1)
COMMIT
DELETE FROM MONIT_CHECK WHERE ID=1
INSERT INTO MONIT_CHECK VALUES(1,TRUE,NULL,'HOUR',1,FALSE,'NOT_RUNNING','</html>','CONTAINS',20000,0,NULL,'2020-02-06 22:13:03.087000',NULL,NULL,'','GET',3,1,NULL,0,'check example homepage',200,1,'MINUTE','2020-02-06 22:14:02.648000','2019-12-08 19:02:00.000000',TRUE,20000,'2020-02-06 22:13:02.649000',NULL,'SINGLE_PAGE','http://www.example.com/',NULL,NULL)
COMMIT
DELETE FROM MONIT_CHECK WHERE ID=1
INSERT INTO MONIT_CHECK VALUES(1,TRUE,NULL,'HOUR',1,FALSE,'RUNNING','</html>','CONTAINS',20000,0,NULL,'2020-02-06 22:13:03.087000',NULL,NULL,'','GET',3,1,NULL,0,'check example homepage',200,1,'MINUTE','2020-02-06 22:15:02.762000','2019-12-08 19:02:00.000000',TRUE,20000,'2020-02-06 22:14:02.763000',NULL,'SINGLE_PAGE','http://www.example.com/',NULL,NULL)
COMMIT
DELETE FROM MONIT_CHECK WHERE ID=1
INSERT INTO MONIT_CHECK VALUES(1,TRUE,NULL,'HOUR',1,FALSE,'RUNNING','</html>','CONTAINS',20000,0,NULL,'2020-02-06 22:13:03.087000',NULL,NULL,'','GET',3,1,NULL,0,'check example homepage',200,1,'MINUTE','2020-02-06 22:15:02.762000','2019-12-08 19:02:00.000000',TRUE,20000,'2020-02-06 22:14:02.763000',NULL,'SINGLE_PAGE','http://www.example.com/',NULL,NULL)
COMMIT
INSERT INTO MONIT_CHECK_RESULT VALUES(35,NULL,'2020-02-06 22:14:03.380000',613,'2020-02-06 22:14:02.765000',TRUE,1)
COMMIT
DELETE FROM MONIT_CHECK WHERE ID=1
INSERT INTO MONIT_CHECK VALUES(1,TRUE,NULL,'HOUR',1,FALSE,'NOT_RUNNING','</html>','CONTAINS',20000,0,NULL,'2020-02-06 22:14:03.393000',NULL,NULL,'','GET',3,1,NULL,0,'check example homepage',200,1,'MINUTE','2020-02-06 22:15:02.762000','2019-12-08 19:02:00.000000',TRUE,20000,'2020-02-06 22:14:02.763000',NULL,'SINGLE_PAGE','http://www.example.com/',NULL,NULL)
COMMIT
DELETE FROM MONIT_CHECK WHERE ID=1
INSERT INTO MONIT_CHECK VALUES(1,TRUE,NULL,'HOUR',1,FALSE,'RUNNING','</html>','CONTAINS',20000,0,NULL,'2020-02-06 22:14:03.393000',NULL,NULL,'','GET',3,1,NULL,0,'check example homepage',200,1,'MINUTE','2020-02-06 22:16:02.940000','2019-12-08 19:02:00.000000',TRUE,20000,'2020-02-06 22:15:02.944000',NULL,'SINGLE_PAGE','http://www.example.com/',NULL,NULL)
COMMIT
DELETE FROM MONIT_CHECK WHERE ID=1
INSERT INTO MONIT_CHECK VALUES(1,TRUE,NULL,'HOUR',1,FALSE,'RUNNING','</html>','CONTAINS',20000,0,NULL,'2020-02-06 22:14:03.393000',NULL,NULL,'','GET',3,1,NULL,0,'check example homepage',200,1,'MINUTE','2020-02-06 22:16:02.940000','2019-12-08 19:02:00.000000',TRUE,20000,'2020-02-06 22:15:02.944000',NULL,'SINGLE_PAGE','http://www.example.com/',NULL,NULL)
COMMIT
INSERT INTO MONIT_CHECK_RESULT VALUES(36,NULL,'2020-02-06 22:15:03.489000',534,'2020-02-06 22:15:02.954000',TRUE,1)
COMMIT
DELETE FROM MONIT_CHECK WHERE ID=1
INSERT INTO MONIT_CHECK VALUES(1,TRUE,NULL,'HOUR',1,FALSE,'NOT_RUNNING','</html>','CONTAINS',20000,0,NULL,'2020-02-06 22:15:03.508000',NULL,NULL,'','GET',3,1,NULL,0,'check example homepage',200,1,'MINUTE','2020-02-06 22:16:02.940000','2019-12-08 19:02:00.000000',TRUE,20000,'2020-02-06 22:15:02.944000',NULL,'SINGLE_PAGE','http://www.example.com/',NULL,NULL)
COMMIT
DELETE FROM MONIT_CHECK WHERE ID=1
INSERT INTO MONIT_CHECK VALUES(1,TRUE,NULL,'HOUR',1,FALSE,'RUNNING','</html>','CONTAINS',20000,0,NULL,'2020-02-06 22:15:03.508000',NULL,NULL,'','GET',3,1,NULL,0,'check example homepage',200,1,'MINUTE','2020-02-06 22:17:03.116000','2019-12-08 19:02:00.000000',TRUE,20000,'2020-02-06 22:16:03.120000',NULL,'SINGLE_PAGE','http://www.example.com/',NULL,NULL)
COMMIT
DELETE FROM MONIT_CHECK WHERE ID=1
INSERT INTO MONIT_CHECK VALUES(1,TRUE,NULL,'HOUR',1,FALSE,'RUNNING','</html>','CONTAINS',20000,0,NULL,'2020-02-06 22:15:03.508000',NULL,NULL,'','GET',3,1,NULL,0,'check example homepage',200,1,'MINUTE','2020-02-06 22:17:03.116000','2019-12-08 19:02:00.000000',TRUE,20000,'2020-02-06 22:16:03.120000',NULL,'SINGLE_PAGE','http://www.example.com/',NULL,NULL)
COMMIT
INSERT INTO MONIT_CHECK_RESULT VALUES(37,NULL,'2020-02-06 22:16:03.595000',468,'2020-02-06 22:16:03.127000',TRUE,1)
COMMIT
DELETE FROM MONIT_CHECK WHERE ID=1
INSERT INTO MONIT_CHECK VALUES(1,TRUE,NULL,'HOUR',1,FALSE,'NOT_RUNNING','</html>','CONTAINS',20000,0,NULL,'2020-02-06 22:16:03.606000',NULL,NULL,'','GET',3,1,NULL,0,'check example homepage',200,1,'MINUTE','2020-02-06 22:17:03.116000','2019-12-08 19:02:00.000000',TRUE,20000,'2020-02-06 22:16:03.120000',NULL,'SINGLE_PAGE','http://www.example.com/',NULL,NULL)
COMMIT
DELETE FROM MONIT_CHECK WHERE ID=1
INSERT INTO MONIT_CHECK VALUES(1,TRUE,NULL,'HOUR',1,FALSE,'RUNNING','</html>','CONTAINS',20000,0,NULL,'2020-02-06 22:16:03.606000',NULL,NULL,'','GET',3,1,NULL,0,'check example homepage',200,1,'MINUTE','2020-02-06 22:18:03.257000','2019-12-08 19:02:00.000000',TRUE,20000,'2020-02-06 22:17:03.258000',NULL,'SINGLE_PAGE','http://www.example.com/',NULL,NULL)
COMMIT
DELETE FROM MONIT_CHECK WHERE ID=1
INSERT INTO MONIT_CHECK VALUES(1,TRUE,NULL,'HOUR',1,FALSE,'RUNNING','</html>','CONTAINS',20000,0,NULL,'2020-02-06 22:16:03.606000',NULL,NULL,'','GET',3,1,NULL,0,'check example homepage',200,1,'MINUTE','2020-02-06 22:18:03.257000','2019-12-08 19:02:00.000000',TRUE,20000,'2020-02-06 22:17:03.258000',NULL,'SINGLE_PAGE','http://www.example.com/',NULL,NULL)
COMMIT
INSERT INTO MONIT_CHECK_RESULT VALUES(38,NULL,'2020-02-06 22:17:03.703000',442,'2020-02-06 22:17:03.261000',TRUE,1)
COMMIT
DELETE FROM MONIT_CHECK WHERE ID=1
INSERT INTO MONIT_CHECK VALUES(1,TRUE,NULL,'HOUR',1,FALSE,'NOT_RUNNING','</html>','CONTAINS',20000,0,NULL,'2020-02-06 22:17:03.711000',NULL,NULL,'','GET',3,1,NULL,0,'check example homepage',200,1,'MINUTE','2020-02-06 22:18:03.257000','2019-12-08 19:02:00.000000',TRUE,20000,'2020-02-06 22:17:03.258000',NULL,'SINGLE_PAGE','http://www.example.com/',NULL,NULL)
COMMIT
DELETE FROM MONIT_CHECK WHERE ID=1
INSERT INTO MONIT_CHECK VALUES(1,TRUE,NULL,'HOUR',1,FALSE,'RUNNING','</html>','CONTAINS',20000,0,NULL,'2020-02-06 22:17:03.711000',NULL,NULL,'','GET',3,1,NULL,0,'check example homepage',200,1,'MINUTE','2020-02-06 22:19:03.426000','2019-12-08 19:02:00.000000',TRUE,20000,'2020-02-06 22:18:03.428000',NULL,'SINGLE_PAGE','http://www.example.com/',NULL,NULL)
COMMIT
DELETE FROM MONIT_CHECK WHERE ID=1
INSERT INTO MONIT_CHECK VALUES(1,TRUE,NULL,'HOUR',1,FALSE,'RUNNING','</html>','CONTAINS',20000,0,NULL,'2020-02-06 22:17:03.711000',NULL,NULL,'','GET',3,1,NULL,0,'check example homepage',200,1,'MINUTE','2020-02-06 22:19:03.426000','2019-12-08 19:02:00.000000',TRUE,20000,'2020-02-06 22:18:03.428000',NULL,'SINGLE_PAGE','http://www.example.com/',NULL,NULL)
COMMIT
INSERT INTO MONIT_CHECK_RESULT VALUES(39,NULL,'2020-02-06 22:18:03.918000',484,'2020-02-06 22:18:03.433000',TRUE,1)
COMMIT
DELETE FROM MONIT_CHECK WHERE ID=1
INSERT INTO MONIT_CHECK VALUES(1,TRUE,NULL,'HOUR',1,FALSE,'NOT_RUNNING','</html>','CONTAINS',20000,0,NULL,'2020-02-06 22:18:03.936000',NULL,NULL,'','GET',3,1,NULL,0,'check example homepage',200,1,'MINUTE','2020-02-06 22:19:03.426000','2019-12-08 19:02:00.000000',TRUE,20000,'2020-02-06 22:18:03.428000',NULL,'SINGLE_PAGE','http://www.example.com/',NULL,NULL)
COMMIT
DELETE FROM MONIT_CHECK WHERE ID=1
INSERT INTO MONIT_CHECK VALUES(1,TRUE,NULL,'HOUR',1,FALSE,'RUNNING','</html>','CONTAINS',20000,0,NULL,'2020-02-06 22:18:03.936000',NULL,NULL,'','GET',3,1,NULL,0,'check example homepage',200,1,'MINUTE','2020-02-06 22:20:03.592000','2019-12-08 19:02:00.000000',TRUE,20000,'2020-02-06 22:19:03.597000',NULL,'SINGLE_PAGE','http://www.example.com/',NULL,NULL)
COMMIT
DELETE FROM MONIT_CHECK WHERE ID=1
INSERT INTO MONIT_CHECK VALUES(1,TRUE,NULL,'HOUR',1,FALSE,'RUNNING','</html>','CONTAINS',20000,0,NULL,'2020-02-06 22:18:03.936000',NULL,NULL,'','GET',3,1,NULL,0,'check example homepage',200,1,'MINUTE','2020-02-06 22:20:03.592000','2019-12-08 19:02:00.000000',TRUE,20000,'2020-02-06 22:19:03.597000',NULL,'SINGLE_PAGE','http://www.example.com/',NULL,NULL)
COMMIT
INSERT INTO MONIT_CHECK_RESULT VALUES(40,NULL,'2020-02-06 22:19:04.023000',420,'2020-02-06 22:19:03.602000',TRUE,1)
COMMIT
DELETE FROM MONIT_CHECK WHERE ID=1
INSERT INTO MONIT_CHECK VALUES(1,TRUE,NULL,'HOUR',1,FALSE,'NOT_RUNNING','</html>','CONTAINS',20000,0,NULL,'2020-02-06 22:19:04.031000',NULL,NULL,'','GET',3,1,NULL,0,'check example homepage',200,1,'MINUTE','2020-02-06 22:20:03.592000','2019-12-08 19:02:00.000000',TRUE,20000,'2020-02-06 22:19:03.597000',NULL,'SINGLE_PAGE','http://www.example.com/',NULL,NULL)
COMMIT
DELETE FROM MONIT_CHECK WHERE ID=1
INSERT INTO MONIT_CHECK VALUES(1,TRUE,NULL,'HOUR',1,FALSE,'RUNNING','</html>','CONTAINS',20000,0,NULL,'2020-02-06 22:19:04.031000',NULL,NULL,'','GET',3,1,NULL,0,'check example homepage',200,1,'MINUTE','2020-02-06 22:21:03.725000','2019-12-08 19:02:00.000000',TRUE,20000,'2020-02-06 22:20:03.726000',NULL,'SINGLE_PAGE','http://www.example.com/',NULL,NULL)
COMMIT
DELETE FROM MONIT_CHECK WHERE ID=1
INSERT INTO MONIT_CHECK VALUES(1,TRUE,NULL,'HOUR',1,FALSE,'RUNNING','</html>','CONTAINS',20000,0,NULL,'2020-02-06 22:19:04.031000',NULL,NULL,'','GET',3,1,NULL,0,'check example homepage',200,1,'MINUTE','2020-02-06 22:21:03.725000','2019-12-08 19:02:00.000000',TRUE,20000,'2020-02-06 22:20:03.726000',NULL,'SINGLE_PAGE','http://www.example.com/',NULL,NULL)
COMMIT
INSERT INTO MONIT_CHECK_RESULT VALUES(41,NULL,'2020-02-06 22:20:04.445000',716,'2020-02-06 22:20:03.729000',TRUE,1)
COMMIT
DELETE FROM MONIT_CHECK WHERE ID=1
INSERT INTO MONIT_CHECK VALUES(1,TRUE,NULL,'HOUR',1,FALSE,'NOT_RUNNING','</html>','CONTAINS',20000,0,NULL,'2020-02-06 22:20:04.464000',NULL,NULL,'','GET',3,1,NULL,0,'check example homepage',200,1,'MINUTE','2020-02-06 22:21:03.725000','2019-12-08 19:02:00.000000',TRUE,20000,'2020-02-06 22:20:03.726000',NULL,'SINGLE_PAGE','http://www.example.com/',NULL,NULL)
COMMIT
DELETE FROM MONIT_CHECK WHERE ID=1
INSERT INTO MONIT_CHECK VALUES(1,TRUE,NULL,'HOUR',1,FALSE,'RUNNING','</html>','CONTAINS',20000,0,NULL,'2020-02-06 22:20:04.464000',NULL,NULL,'','GET',3,1,NULL,0,'check example homepage',200,1,'MINUTE','2020-02-06 22:22:03.851000','2019-12-08 19:02:00.000000',TRUE,20000,'2020-02-06 22:21:03.854000',NULL,'SINGLE_PAGE','http://www.example.com/',NULL,NULL)
COMMIT
DELETE FROM MONIT_CHECK WHERE ID=1
INSERT INTO MONIT_CHECK VALUES(1,TRUE,NULL,'HOUR',1,FALSE,'RUNNING','</html>','CONTAINS',20000,0,NULL,'2020-02-06 22:20:04.464000',NULL,NULL,'','GET',3,1,NULL,0,'check example homepage',200,1,'MINUTE','2020-02-06 22:22:03.851000','2019-12-08 19:02:00.000000',TRUE,20000,'2020-02-06 22:21:03.854000',NULL,'SINGLE_PAGE','http://www.example.com/',NULL,NULL)
COMMIT
INSERT INTO MONIT_CHECK_RESULT VALUES(42,NULL,'2020-02-06 22:21:04.345000',484,'2020-02-06 22:21:03.860000',TRUE,1)
COMMIT
DELETE FROM MONIT_CHECK WHERE ID=1
INSERT INTO MONIT_CHECK VALUES(1,TRUE,NULL,'HOUR',1,FALSE,'NOT_RUNNING','</html>','CONTAINS',20000,0,NULL,'2020-02-06 22:21:04.351000',NULL,NULL,'','GET',3,1,NULL,0,'check example homepage',200,1,'MINUTE','2020-02-06 22:22:03.851000','2019-12-08 19:02:00.000000',TRUE,20000,'2020-02-06 22:21:03.854000',NULL,'SINGLE_PAGE','http://www.example.com/',NULL,NULL)
COMMIT
DELETE FROM MONIT_CHECK WHERE ID=1
INSERT INTO MONIT_CHECK VALUES(1,TRUE,NULL,'HOUR',1,FALSE,'RUNNING','</html>','CONTAINS',20000,0,NULL,'2020-02-06 22:21:04.351000',NULL,NULL,'','GET',3,1,NULL,0,'check example homepage',200,1,'MINUTE','2020-02-06 22:23:04.023000','2019-12-08 19:02:00.000000',TRUE,20000,'2020-02-06 22:22:04.024000',NULL,'SINGLE_PAGE','http://www.example.com/',NULL,NULL)
COMMIT
DELETE FROM MONIT_CHECK WHERE ID=1
INSERT INTO MONIT_CHECK VALUES(1,TRUE,NULL,'HOUR',1,FALSE,'RUNNING','</html>','CONTAINS',20000,0,NULL,'2020-02-06 22:21:04.351000',NULL,NULL,'','GET',3,1,NULL,0,'check example homepage',200,1,'MINUTE','2020-02-06 22:23:04.023000','2019-12-08 19:02:00.000000',TRUE,20000,'2020-02-06 22:22:04.024000',NULL,'SINGLE_PAGE','http://www.example.com/',NULL,NULL)
COMMIT
INSERT INTO MONIT_CHECK_RESULT VALUES(43,NULL,'2020-02-06 22:22:04.451000',424,'2020-02-06 22:22:04.026000',TRUE,1)
COMMIT
DELETE FROM MONIT_CHECK WHERE ID=1
INSERT INTO MONIT_CHECK VALUES(1,TRUE,NULL,'HOUR',1,FALSE,'NOT_RUNNING','</html>','CONTAINS',20000,0,NULL,'2020-02-06 22:22:04.456000',NULL,NULL,'','GET',3,1,NULL,0,'check example homepage',200,1,'MINUTE','2020-02-06 22:23:04.023000','2019-12-08 19:02:00.000000',TRUE,20000,'2020-02-06 22:22:04.024000',NULL,'SINGLE_PAGE','http://www.example.com/',NULL,NULL)
COMMIT
